{"/mnt/c/Users/ajhar/code/multi/src/assets/twitter-512.png": {"path":"/mnt/c/Users/ajhar/code/multi/src/assets/twitter-512.png","statementMap":{},"fnMap":{},"branchMap":{},"s":{},"f":{},"b":{},"meta":{"lastBranch":0,"lastFunction":0,"lastStatement":0,"seen":{}}}
,"/mnt/c/Users/ajhar/code/multi/src/components/Footer.jsx": {"path":"/mnt/c/Users/ajhar/code/multi/src/components/Footer.jsx","statementMap":{"0":{"start":{"line":5,"column":23},"end":{"line":5,"column":null}},"1":{"start":{"line":6,"column":21},"end":{"line":6,"column":null}},"2":{"start":{"line":10,"column":2},"end":{"line":19,"column":null}}},"fnMap":{"0":{"name":"Footer","decl":{"start":{"line":8,"column":24},"end":{"line":8,"column":33}},"loc":{"start":{"line":8,"column":33},"end":{"line":21,"column":1}},"line":8}},"branchMap":{},"s":{"0":1,"1":1,"2":1},"f":{"0":1},"b":{},"meta":{"lastBranch":0,"lastFunction":1,"lastStatement":3,"seen":{"s:5:23:5:Infinity":0,"s:6:21:6:Infinity":1,"f:8:24:8:33":0,"s:10:2:19:Infinity":2}}}
,"/mnt/c/Users/ajhar/code/multi/src/pages/Home.tsx": {"path":"/mnt/c/Users/ajhar/code/multi/src/pages/Home.tsx","statementMap":{"0":{"start":{"line":8,"column":21},"end":{"line":8,"column":null}},"1":{"start":{"line":11,"column":13},"end":{"line":61,"column":null}},"2":{"start":{"line":12,"column":8},"end":{"line":12,"column":null}},"3":{"start":{"line":14,"column":21},"end":{"line":42,"column":null}},"4":{"start":{"line":15,"column":4},"end":{"line":42,"column":null}},"5":{"start":{"line":18,"column":57},"end":{"line":18,"column":76}},"6":{"start":{"line":24,"column":57},"end":{"line":24,"column":76}},"7":{"start":{"line":30,"column":57},"end":{"line":30,"column":103}},"8":{"start":{"line":45,"column":2},"end":{"line":59,"column":null}}},"fnMap":{"0":{"name":"(anonymous_0)","decl":{"start":{"line":11,"column":13},"end":{"line":11,"column":19}},"loc":{"start":{"line":11,"column":19},"end":{"line":61,"column":null}},"line":11},"1":{"name":"(anonymous_1)","decl":{"start":{"line":14,"column":21},"end":{"line":14,"column":null}},"loc":{"start":{"line":15,"column":4},"end":{"line":42,"column":null}},"line":15},"2":{"name":"(anonymous_2)","decl":{"start":{"line":18,"column":51},"end":{"line":18,"column":57}},"loc":{"start":{"line":18,"column":57},"end":{"line":18,"column":76}},"line":18},"3":{"name":"(anonymous_3)","decl":{"start":{"line":24,"column":51},"end":{"line":24,"column":57}},"loc":{"start":{"line":24,"column":57},"end":{"line":24,"column":76}},"line":24},"4":{"name":"(anonymous_4)","decl":{"start":{"line":30,"column":51},"end":{"line":30,"column":57}},"loc":{"start":{"line":30,"column":57},"end":{"line":30,"column":103}},"line":30}},"branchMap":{},"s":{"0":1,"1":1,"2":1,"3":1,"4":1,"5":0,"6":0,"7":0,"8":1},"f":{"0":1,"1":1,"2":0,"3":0,"4":0},"b":{},"meta":{"lastBranch":0,"lastFunction":5,"lastStatement":9,"seen":{"s:8:21:8:Infinity":0,"s:11:13:61:Infinity":1,"f:11:13:11:19":0,"s:12:8:12:Infinity":2,"s:14:21:42:Infinity":3,"f:14:21:14:Infinity":1,"s:15:4:42:Infinity":4,"f:18:51:18:57":2,"s:18:57:18:76":5,"f:24:51:24:57":3,"s:24:57:24:76":6,"f:30:51:30:57":4,"s:30:57:30:103":7,"s:45:2:59:Infinity":8}}}
,"/mnt/c/Users/ajhar/code/multi/src/styles/App.css": {"path":"/mnt/c/Users/ajhar/code/multi/src/styles/App.css","statementMap":{},"fnMap":{},"branchMap":{},"s":{},"f":{},"b":{},"meta":{"lastBranch":0,"lastFunction":0,"lastStatement":0,"seen":{}}}
}
