{"/mnt/c/Users/ajhar/code/multi/src/assets/twitter-512.png": {"path":"/mnt/c/Users/ajhar/code/multi/src/assets/twitter-512.png","statementMap":{},"fnMap":{},"branchMap":{},"s":{},"f":{},"b":{},"meta":{"lastBranch":0,"lastFunction":0,"lastStatement":0,"seen":{}}}
,"/mnt/c/Users/ajhar/code/multi/src/components/Footer.jsx": {"path":"/mnt/c/Users/ajhar/code/multi/src/components/Footer.jsx","statementMap":{"0":{"start":{"line":5,"column":23},"end":{"line":5,"column":null}},"1":{"start":{"line":6,"column":21},"end":{"line":6,"column":null}},"2":{"start":{"line":10,"column":2},"end":{"line":19,"column":null}}},"fnMap":{"0":{"name":"Footer","decl":{"start":{"line":8,"column":24},"end":{"line":8,"column":33}},"loc":{"start":{"line":8,"column":33},"end":{"line":21,"column":1}},"line":8}},"branchMap":{},"s":{"0":3,"1":3,"2":4},"f":{"0":4},"b":{},"meta":{"lastBranch":0,"lastFunction":1,"lastStatement":3,"seen":{"s:5:23:5:Infinity":0,"s:6:21:6:Infinity":1,"f:8:24:8:33":0,"s:10:2:19:Infinity":2}}}
,"/mnt/c/Users/ajhar/code/multi/src/pages/App.tsx": {"path":"/mnt/c/Users/ajhar/code/multi/src/pages/App.tsx","statementMap":{"0":{"start":{"line":8,"column":17},"end":{"line":12,"column":null}},"1":{"start":{"line":9,"column":4},"end":{"line":12,"column":null}},"2":{"start":{"line":15,"column":12},"end":{"line":26,"column":null}},"3":{"start":{"line":16,"column":4},"end":{"line":24,"column":null}}},"fnMap":{"0":{"name":"(anonymous_0)","decl":{"start":{"line":8,"column":17},"end":{"line":8,"column":null}},"loc":{"start":{"line":9,"column":4},"end":{"line":12,"column":null}},"line":9},"1":{"name":"(anonymous_1)","decl":{"start":{"line":15,"column":12},"end":{"line":15,"column":18}},"loc":{"start":{"line":15,"column":18},"end":{"line":26,"column":null}},"line":15}},"branchMap":{},"s":{"0":1,"1":1,"2":1,"3":4},"f":{"0":1,"1":4},"b":{},"meta":{"lastBranch":0,"lastFunction":2,"lastStatement":4,"seen":{"s:8:17:12:Infinity":0,"f:8:17:8:Infinity":0,"s:9:4:12:Infinity":1,"s:15:12:26:Infinity":2,"f:15:12:15:18":1,"s:16:4:24:Infinity":3}}}
,"/mnt/c/Users/ajhar/code/multi/src/pages/Home.tsx": {"path":"/mnt/c/Users/ajhar/code/multi/src/pages/Home.tsx","statementMap":{"0":{"start":{"line":8,"column":21},"end":{"line":8,"column":null}},"1":{"start":{"line":11,"column":13},"end":{"line":61,"column":null}},"2":{"start":{"line":12,"column":8},"end":{"line":12,"column":null}},"3":{"start":{"line":14,"column":21},"end":{"line":42,"column":null}},"4":{"start":{"line":15,"column":4},"end":{"line":42,"column":null}},"5":{"start":{"line":18,"column":57},"end":{"line":18,"column":76}},"6":{"start":{"line":24,"column":57},"end":{"line":24,"column":76}},"7":{"start":{"line":30,"column":57},"end":{"line":30,"column":103}},"8":{"start":{"line":45,"column":2},"end":{"line":59,"column":null}}},"fnMap":{"0":{"name":"(anonymous_0)","decl":{"start":{"line":11,"column":13},"end":{"line":11,"column":19}},"loc":{"start":{"line":11,"column":19},"end":{"line":61,"column":null}},"line":11},"1":{"name":"(anonymous_1)","decl":{"start":{"line":14,"column":21},"end":{"line":14,"column":null}},"loc":{"start":{"line":15,"column":4},"end":{"line":42,"column":null}},"line":15},"2":{"name":"(anonymous_2)","decl":{"start":{"line":18,"column":51},"end":{"line":18,"column":57}},"loc":{"start":{"line":18,"column":57},"end":{"line":18,"column":76}},"line":18},"3":{"name":"(anonymous_3)","decl":{"start":{"line":24,"column":51},"end":{"line":24,"column":57}},"loc":{"start":{"line":24,"column":57},"end":{"line":24,"column":76}},"line":24},"4":{"name":"(anonymous_4)","decl":{"start":{"line":30,"column":51},"end":{"line":30,"column":57}},"loc":{"start":{"line":30,"column":57},"end":{"line":30,"column":103}},"line":30}},"branchMap":{},"s":{"0":2,"1":2,"2":2,"3":2,"4":2,"5":0,"6":0,"7":0,"8":2},"f":{"0":2,"1":2,"2":0,"3":0,"4":0},"b":{},"meta":{"lastBranch":0,"lastFunction":5,"lastStatement":9,"seen":{"s:8:21:8:Infinity":0,"s:11:13:61:Infinity":1,"f:11:13:11:19":0,"s:12:8:12:Infinity":2,"s:14:21:42:Infinity":3,"f:14:21:14:Infinity":1,"s:15:4:42:Infinity":4,"f:18:51:18:57":2,"s:18:57:18:76":5,"f:24:51:24:57":3,"s:24:57:24:76":6,"f:30:51:30:57":4,"s:30:57:30:103":7,"s:45:2:59:Infinity":8}}}
,"/mnt/c/Users/ajhar/code/multi/src/pages/Lobby.tsx": {"path":"/mnt/c/Users/ajhar/code/multi/src/pages/Lobby.tsx","statementMap":{"0":{"start":{"line":16,"column":24},"end":{"line":44,"column":null}},"1":{"start":{"line":17,"column":10},"end":{"line":17,"column":null}},"2":{"start":{"line":19,"column":4},"end":{"line":42,"column":null}},"3":{"start":{"line":20,"column":33},"end":{"line":32,"column":null}},"4":{"start":{"line":21,"column":43},"end":{"line":21,"column":null}},"5":{"start":{"line":22,"column":27},"end":{"line":22,"column":null}},"6":{"start":{"line":23,"column":39},"end":{"line":23,"column":null}},"7":{"start":{"line":24,"column":39},"end":{"line":24,"column":null}},"8":{"start":{"line":25,"column":12},"end":{"line":25,"column":null}},"9":{"start":{"line":26,"column":12},"end":{"line":26,"column":null}},"10":{"start":{"line":27,"column":12},"end":{"line":31,"column":null}},"11":{"start":{"line":33,"column":24},"end":{"line":33,"column":null}},"12":{"start":{"line":34,"column":8},"end":{"line":36,"column":null}},"13":{"start":{"line":35,"column":12},"end":{"line":35,"column":null}},"14":{"start":{"line":37,"column":8},"end":{"line":41,"column":null}},"15":{"start":{"line":38,"column":12},"end":{"line":40,"column":null}},"16":{"start":{"line":39,"column":16},"end":{"line":39,"column":null}},"17":{"start":{"line":43,"column":4},"end":{"line":43,"column":null}},"18":{"start":{"line":51,"column":48},"end":{"line":70,"column":null}},"19":{"start":{"line":52,"column":4},"end":{"line":68,"column":null}},"20":{"start":{"line":76,"column":24},"end":{"line":123,"column":null}},"21":{"start":{"line":77,"column":40},"end":{"line":77,"column":null}},"22":{"start":{"line":78,"column":30},"end":{"line":78,"column":null}},"23":{"start":{"line":80,"column":4},"end":{"line":88,"column":null}},"24":{"start":{"line":82,"column":14},"end":{"line":82,"column":null}},"25":{"start":{"line":83,"column":8},"end":{"line":83,"column":null}},"26":{"start":{"line":85,"column":8},"end":{"line":87,"column":null}},"27":{"start":{"line":86,"column":12},"end":{"line":86,"column":null}},"28":{"start":{"line":90,"column":4},"end":{"line":96,"column":null}},"29":{"start":{"line":91,"column":8},"end":{"line":95,"column":null}},"30":{"start":{"line":92,"column":12},"end":{"line":94,"column":null}},"31":{"start":{"line":93,"column":16},"end":{"line":93,"column":null}},"32":{"start":{"line":98,"column":8},"end":{"line":98,"column":null}},"33":{"start":{"line":98,"column":27},"end":{"line":98,"column":null}},"34":{"start":{"line":100,"column":8},"end":{"line":121,"column":null}},"35":{"start":{"line":108,"column":51},"end":{"line":108,"column":80}},"36":{"start":{"line":110,"column":63},"end":{"line":110,"column":null}},"37":{"start":{"line":111,"column":32},"end":{"line":116,"column":null}}},"fnMap":{"0":{"name":"(anonymous_0)","decl":{"start":{"line":16,"column":24},"end":{"line":16,"column":25}},"loc":{"start":{"line":16,"column":62},"end":{"line":44,"column":null}},"line":16},"1":{"name":"(anonymous_1)","decl":{"start":{"line":19,"column":14},"end":{"line":19,"column":20}},"loc":{"start":{"line":19,"column":20},"end":{"line":42,"column":7}},"line":19},"2":{"name":"(anonymous_2)","decl":{"start":{"line":20,"column":33},"end":{"line":20,"column":34}},"loc":{"start":{"line":20,"column":47},"end":{"line":32,"column":null}},"line":20},"3":{"name":"(anonymous_3)","decl":{"start":{"line":37,"column":15},"end":{"line":37,"column":21}},"loc":{"start":{"line":37,"column":21},"end":{"line":41,"column":null}},"line":37},"4":{"name":"(anonymous_4)","decl":{"start":{"line":51,"column":48},"end":{"line":51,"column":49}},"loc":{"start":{"line":51,"column":80},"end":{"line":70,"column":null}},"line":51},"5":{"name":"(anonymous_5)","decl":{"start":{"line":76,"column":24},"end":{"line":76,"column":30}},"loc":{"start":{"line":76,"column":30},"end":{"line":123,"column":null}},"line":76},"6":{"name":"(anonymous_6)","decl":{"start":{"line":80,"column":14},"end":{"line":80,"column":20}},"loc":{"start":{"line":80,"column":20},"end":{"line":88,"column":7}},"line":80},"7":{"name":"(anonymous_7)","decl":{"start":{"line":85,"column":15},"end":{"line":85,"column":21}},"loc":{"start":{"line":85,"column":21},"end":{"line":87,"column":null}},"line":85},"8":{"name":"(anonymous_8)","decl":{"start":{"line":90,"column":14},"end":{"line":90,"column":20}},"loc":{"start":{"line":90,"column":20},"end":{"line":96,"column":7}},"line":90},"9":{"name":"(anonymous_9)","decl":{"start":{"line":92,"column":36},"end":{"line":92,"column":37}},"loc":{"start":{"line":92,"column":58},"end":{"line":94,"column":13}},"line":92},"10":{"name":"(anonymous_10)","decl":{"start":{"line":108,"column":36},"end":{"line":108,"column":37}},"loc":{"start":{"line":108,"column":51},"end":{"line":108,"column":80}},"line":108},"11":{"name":"(anonymous_11)","decl":{"start":{"line":109,"column":33},"end":{"line":109,"column":34}},"loc":{"start":{"line":109,"column":45},"end":{"line":117,"column":29}},"line":109}},"branchMap":{"0":{"loc":{"start":{"line":34,"column":8},"end":{"line":36,"column":null}},"type":"if","locations":[{"start":{"line":34,"column":8},"end":{"line":36,"column":null}},{"start":{},"end":{}}],"line":34},"1":{"loc":{"start":{"line":34,"column":12},"end":{"line":34,"column":71}},"type":"binary-expr","locations":[{"start":{"line":34,"column":12},"end":{"line":34,"column":23}},{"start":{"line":34,"column":23},"end":{"line":34,"column":71}}],"line":34},"2":{"loc":{"start":{"line":38,"column":12},"end":{"line":40,"column":null}},"type":"if","locations":[{"start":{"line":38,"column":12},"end":{"line":40,"column":null}},{"start":{},"end":{}}],"line":38},"3":{"loc":{"start":{"line":38,"column":16},"end":{"line":38,"column":78}},"type":"binary-expr","locations":[{"start":{"line":38,"column":16},"end":{"line":38,"column":27}},{"start":{"line":38,"column":27},"end":{"line":38,"column":78}}],"line":38},"4":{"loc":{"start":{"line":91,"column":8},"end":{"line":95,"column":null}},"type":"if","locations":[{"start":{"line":91,"column":8},"end":{"line":95,"column":null}},{"start":{},"end":{}}],"line":91},"5":{"loc":{"start":{"line":98,"column":8},"end":{"line":98,"column":null}},"type":"if","locations":[{"start":{"line":98,"column":8},"end":{"line":98,"column":null}},{"start":{},"end":{}}],"line":98}},"s":{"0":2,"1":0,"2":0,"3":0,"4":0,"5":0,"6":0,"7":0,"8":0,"9":0,"10":0,"11":0,"12":0,"13":0,"14":0,"15":0,"16":0,"17":0,"18":2,"19":0,"20":2,"21":4,"22":4,"23":4,"24":2,"25":2,"26":2,"27":2,"28":4,"29":4,"30":2,"31":0,"32":4,"33":2,"34":2,"35":0,"36":0,"37":0},"f":{"0":0,"1":0,"2":0,"3":0,"4":0,"5":4,"6":2,"7":2,"8":4,"9":0,"10":0,"11":0},"b":{"0":[0,0],"1":[0,0],"2":[0,0],"3":[0,0],"4":[2,2],"5":[2,2]},"meta":{"lastBranch":6,"lastFunction":12,"lastStatement":38,"seen":{"s:16:24:44:Infinity":0,"f:16:24:16:25":0,"s:17:10:17:Infinity":1,"s:19:4:42:Infinity":2,"f:19:14:19:20":1,"s:20:33:32:Infinity":3,"f:20:33:20:34":2,"s:21:43:21:Infinity":4,"s:22:27:22:Infinity":5,"s:23:39:23:Infinity":6,"s:24:39:24:Infinity":7,"s:25:12:25:Infinity":8,"s:26:12:26:Infinity":9,"s:27:12:31:Infinity":10,"s:33:24:33:Infinity":11,"b:34:8:36:Infinity:undefined:undefined:undefined:undefined":0,"s:34:8:36:Infinity":12,"b:34:12:34:23:34:23:34:71":1,"s:35:12:35:Infinity":13,"s:37:8:41:Infinity":14,"f:37:15:37:21":3,"b:38:12:40:Infinity:undefined:undefined:undefined:undefined":2,"s:38:12:40:Infinity":15,"b:38:16:38:27:38:27:38:78":3,"s:39:16:39:Infinity":16,"s:43:4:43:Infinity":17,"s:51:48:70:Infinity":18,"f:51:48:51:49":4,"s:52:4:68:Infinity":19,"s:76:24:123:Infinity":20,"f:76:24:76:30":5,"s:77:40:77:Infinity":21,"s:78:30:78:Infinity":22,"s:80:4:88:Infinity":23,"f:80:14:80:20":6,"s:82:14:82:Infinity":24,"s:83:8:83:Infinity":25,"s:85:8:87:Infinity":26,"f:85:15:85:21":7,"s:86:12:86:Infinity":27,"s:90:4:96:Infinity":28,"f:90:14:90:20":8,"b:91:8:95:Infinity:undefined:undefined:undefined:undefined":4,"s:91:8:95:Infinity":29,"s:92:12:94:Infinity":30,"f:92:36:92:37":9,"s:93:16:93:Infinity":31,"b:98:8:98:Infinity:undefined:undefined:undefined:undefined":5,"s:98:8:98:Infinity":32,"s:98:27:98:Infinity":33,"s:100:8:121:Infinity":34,"f:108:36:108:37":10,"s:108:51:108:80":35,"f:109:33:109:34":11,"s:110:63:110:Infinity":36,"s:111:32:116:Infinity":37}}}
,"/mnt/c/Users/ajhar/code/multi/src/pages/Solo.tsx": {"path":"/mnt/c/Users/ajhar/code/multi/src/pages/Solo.tsx","statementMap":{"0":{"start":{"line":16,"column":48},"end":{"line":31,"column":null}},"1":{"start":{"line":17,"column":4},"end":{"line":29,"column":null}},"2":{"start":{"line":36,"column":23},"end":{"line":88,"column":null}},"3":{"start":{"line":37,"column":40},"end":{"line":37,"column":null}},"4":{"start":{"line":38,"column":30},"end":{"line":38,"column":null}},"5":{"start":{"line":40,"column":4},"end":{"line":46,"column":null}},"6":{"start":{"line":41,"column":14},"end":{"line":41,"column":null}},"7":{"start":{"line":42,"column":8},"end":{"line":42,"column":null}},"8":{"start":{"line":43,"column":8},"end":{"line":45,"column":null}},"9":{"start":{"line":44,"column":12},"end":{"line":44,"column":null}},"10":{"start":{"line":48,"column":4},"end":{"line":56,"column":null}},"11":{"start":{"line":49,"column":8},"end":{"line":49,"column":null}},"12":{"start":{"line":49,"column":27},"end":{"line":49,"column":null}},"13":{"start":{"line":50,"column":8},"end":{"line":52,"column":null}},"14":{"start":{"line":51,"column":12},"end":{"line":51,"column":null}},"15":{"start":{"line":53,"column":8},"end":{"line":55,"column":null}},"16":{"start":{"line":54,"column":12},"end":{"line":54,"column":null}},"17":{"start":{"line":58,"column":4},"end":{"line":86,"column":null}},"18":{"start":{"line":73,"column":39},"end":{"line":73,"column":84}},"19":{"start":{"line":75,"column":51},"end":{"line":75,"column":null}},"20":{"start":{"line":77,"column":20},"end":{"line":83,"column":null}}},"fnMap":{"0":{"name":"(anonymous_0)","decl":{"start":{"line":16,"column":48},"end":{"line":16,"column":49}},"loc":{"start":{"line":16,"column":80},"end":{"line":31,"column":null}},"line":16},"1":{"name":"(anonymous_1)","decl":{"start":{"line":36,"column":23},"end":{"line":36,"column":29}},"loc":{"start":{"line":36,"column":29},"end":{"line":88,"column":null}},"line":36},"2":{"name":"(anonymous_2)","decl":{"start":{"line":40,"column":14},"end":{"line":40,"column":20}},"loc":{"start":{"line":40,"column":20},"end":{"line":46,"column":7}},"line":40},"3":{"name":"(anonymous_3)","decl":{"start":{"line":43,"column":15},"end":{"line":43,"column":21}},"loc":{"start":{"line":43,"column":21},"end":{"line":45,"column":null}},"line":43},"4":{"name":"(anonymous_4)","decl":{"start":{"line":48,"column":14},"end":{"line":48,"column":20}},"loc":{"start":{"line":48,"column":20},"end":{"line":56,"column":7}},"line":48},"5":{"name":"(anonymous_5)","decl":{"start":{"line":50,"column":32},"end":{"line":50,"column":33}},"loc":{"start":{"line":50,"column":54},"end":{"line":52,"column":9}},"line":50},"6":{"name":"(anonymous_6)","decl":{"start":{"line":53,"column":15},"end":{"line":53,"column":21}},"loc":{"start":{"line":53,"column":21},"end":{"line":55,"column":null}},"line":53},"7":{"name":"(anonymous_7)","decl":{"start":{"line":73,"column":24},"end":{"line":73,"column":25}},"loc":{"start":{"line":73,"column":39},"end":{"line":73,"column":84}},"line":73},"8":{"name":"(anonymous_8)","decl":{"start":{"line":74,"column":21},"end":{"line":74,"column":22}},"loc":{"start":{"line":74,"column":33},"end":{"line":85,"column":17}},"line":74}},"branchMap":{"0":{"loc":{"start":{"line":49,"column":8},"end":{"line":49,"column":null}},"type":"if","locations":[{"start":{"line":49,"column":8},"end":{"line":49,"column":null}},{"start":{},"end":{}}],"line":49},"1":{"loc":{"start":{"line":73,"column":39},"end":{"line":73,"column":84}},"type":"binary-expr","locations":[{"start":{"line":73,"column":39},"end":{"line":73,"column":55}},{"start":{"line":73,"column":55},"end":{"line":73,"column":84}}],"line":73}},"s":{"0":2,"1":0,"2":2,"3":4,"4":4,"5":4,"6":2,"7":2,"8":2,"9":2,"10":4,"11":4,"12":2,"13":2,"14":0,"15":2,"16":2,"17":4,"18":0,"19":0,"20":0},"f":{"0":0,"1":4,"2":2,"3":2,"4":4,"5":0,"6":2,"7":0,"8":0},"b":{"0":[2,2],"1":[0,0]},"meta":{"lastBranch":2,"lastFunction":9,"lastStatement":21,"seen":{"s:16:48:31:Infinity":0,"f:16:48:16:49":0,"s:17:4:29:Infinity":1,"s:36:23:88:Infinity":2,"f:36:23:36:29":1,"s:37:40:37:Infinity":3,"s:38:30:38:Infinity":4,"s:40:4:46:Infinity":5,"f:40:14:40:20":2,"s:41:14:41:Infinity":6,"s:42:8:42:Infinity":7,"s:43:8:45:Infinity":8,"f:43:15:43:21":3,"s:44:12:44:Infinity":9,"s:48:4:56:Infinity":10,"f:48:14:48:20":4,"b:49:8:49:Infinity:undefined:undefined:undefined:undefined":0,"s:49:8:49:Infinity":11,"s:49:27:49:Infinity":12,"s:50:8:52:Infinity":13,"f:50:32:50:33":5,"s:51:12:51:Infinity":14,"s:53:8:55:Infinity":15,"f:53:15:53:21":6,"s:54:12:54:Infinity":16,"s:58:4:86:Infinity":17,"f:73:24:73:25":7,"s:73:39:73:84":18,"b:73:39:73:55:73:55:73:84":1,"f:74:21:74:22":8,"s:75:51:75:Infinity":19,"s:77:20:83:Infinity":20}}}
,"/mnt/c/Users/ajhar/code/multi/src/styles/App.css": {"path":"/mnt/c/Users/ajhar/code/multi/src/styles/App.css","statementMap":{},"fnMap":{},"branchMap":{},"s":{},"f":{},"b":{},"meta":{"lastBranch":0,"lastFunction":0,"lastStatement":0,"seen":{}}}
}
